2002.01.04 10:04 B G:\ftp\Combat Europe Jan 3\InstallerArt\Autorun.bmp <-- Combat (chez eux) /Combat_Europe_Jan3/InstallerArt Autorun.bmp
2002.01.04 10:04 B G:\ftp\Combat Europe Jan 3\InstallerArt\combat_dn.bmp <-- Combat (chez eux) /Combat_Europe_Jan3/InstallerArt combat_dn.bmp
2002.01.04 10:04 B G:\ftp\Combat Europe Jan 3\InstallerArt\combat_up.bmp <-- Combat (chez eux) /Combat_Europe_Jan3/InstallerArt combat_up.bmp
2002.01.04 10:04 B G:\ftp\Combat Europe Jan 3\InstallerArt\dx8_dn.bmp <-- Combat (chez eux) /Combat_Europe_Jan3/InstallerArt dx8_dn.bmp
2002.01.04 10:04 B G:\ftp\Combat Europe Jan 3\InstallerArt\dx8_up.bmp <-- Combat (chez eux) /Combat_Europe_Jan3/InstallerArt dx8_up.bmp
2002.01.04 10:04 B G:\ftp\Combat Europe Jan 3\InstallerArt\exit_dn.bmp <-- Combat (chez eux) /Combat_Europe_Jan3/InstallerArt exit_dn.bmp
2002.01.04 10:04 B G:\ftp\Combat Europe Jan 3\InstallerArt\exit_up.bmp <-- Combat (chez eux) /Combat_Europe_Jan3/InstallerArt exit_up.bmp
2002.01.04 10:04 B G:\ftp\Combat Europe Jan 3\InstallerArt\infogrames_dn.bmp <-- Combat (chez eux) /Combat_Europe_Jan3/InstallerArt infogrames_dn.bmp
2002.01.04 10:04 B G:\ftp\Combat Europe Jan 3\InstallerArt\infogrames_up.bmp <-- Combat (chez eux) /Combat_Europe_Jan3/InstallerArt infogrames_up.bmp
2002.01.04 10:04 B G:\ftp\Combat Europe Jan 3\InstallerArt\install_dn.bmp <-- Combat (chez eux) /Combat_Europe_Jan3/InstallerArt install_dn.bmp
2002.01.04 10:04 B G:\ftp\Combat Europe Jan 3\InstallerArt\install_up.bmp <-- Combat (chez eux) /Combat_Europe_Jan3/InstallerArt install_up.bmp
2002.01.04 10:04 B G:\ftp\Combat Europe Jan 3\InstallerArt\mlp_dn.bmp <-- Combat (chez eux) /Combat_Europe_Jan3/InstallerArt mlp_dn.bmp
2002.01.04 10:04 B G:\ftp\Combat Europe Jan 3\InstallerArt\mlp_up.bmp <-- Combat (chez eux) /Combat_Europe_Jan3/InstallerArt mlp_up.bmp
2002.01.04 10:04 B G:\ftp\Combat Europe Jan 3\InstallerArt\play_dn.bmp <-- Combat (chez eux) /Combat_Europe_Jan3/InstallerArt play_dn.bmp
2002.01.04 10:04 B G:\ftp\Combat Europe Jan 3\InstallerArt\play_up.bmp <-- Combat (chez eux) /Combat_Europe_Jan3/InstallerArt play_up.bmp
2002.01.04 10:04 B G:\ftp\Combat Europe Jan 3\InstallerArt\readme_dn.bmp <-- Combat (chez eux) /Combat_Europe_Jan3/InstallerArt readme_dn.bmp
2002.01.04 10:04 B G:\ftp\Combat Europe Jan 3\InstallerArt\readme_up.bmp <-- Combat (chez eux) /Combat_Europe_Jan3/InstallerArt readme_up.bmp
2002.01.04 10:04 B G:\ftp\Combat Europe Jan 3\InstallerArt\techsupport_dn.bmp <-- Combat (chez eux) /Combat_Europe_Jan3/InstallerArt techsupport_dn.bmp
2002.01.04 10:04 B G:\ftp\Combat Europe Jan 3\InstallerArt\techsupport_up.bmp <-- Combat (chez eux) /Combat_Europe_Jan3/InstallerArt techsupport_up.bmp
2002.01.04 10:04 B G:\ftp\Combat Europe Jan 3\InstallerArt\uninstall_dn.bmp <-- Combat (chez eux) /Combat_Europe_Jan3/InstallerArt uninstall_dn.bmp
2002.01.04 10:04 B G:\ftp\Combat Europe Jan 3\InstallerArt\uninstall_up.bmp <-- Combat (chez eux) /Combat_Europe_Jan3/InstallerArt uninstall_up.bmp
